<?xml version="1.0" encoding="UTF-8"?>
<!-- Generated by org.testng.reporters.JUnitReportReporter -->
<testsuite hostname="Godsways-MBP" failures="0" tests="1" name="tests.AccountsTest" time="41.768" errors="0" timestamp="2023-09-17T01:14:28 GMT" skipped="0">
  <testcase classname="tests.AccountsTest" name="testCurrentAccount" time="41.768"/>
  <system-out/>
</testsuite> <!-- tests.AccountsTest -->
